<?xml version="1.0" encoding="UTF-8"?>
<!-- Generated by org.testng.reporters.JUnitReportReporter -->
<testsuite skipped="0" hostname="ANANDRAJU-PC" name="com.crm.testcase.Logintestcase" tests="1" failures="0" timestamp="30 Sep 2019 02:37:12 GMT" time="9.453" errors="0">
  <testcase name="loginapplication" time="9.453" classname="com.crm.testcase.Logintestcase"/>
</testsuite> <!-- com.crm.testcase.Logintestcase -->
